TN:
SF:Models\Bill.js
FNF:0
FNH:0
DA:1,1
DA:3,1
DA:26,1
DA:28,1
LF:4
LH:4
BRF:0
BRH:0
end_of_record
TN:
SF:Models\Inventory.js
FNF:0
FNH:0
DA:1,1
DA:3,1
DA:22,1
DA:24,1
LF:4
LH:4
BRF:0
BRH:0
end_of_record
TN:
SF:Models\Member.js
FNF:0
FNH:0
DA:1,1
DA:3,1
DA:22,1
DA:24,1
LF:4
LH:4
BRF:0
BRH:0
end_of_record
TN:
SF:Models\Room-reservation.js
FNF:0
FNH:0
DA:1,1
DA:3,1
DA:37,1
LF:3
LH:3
BRF:0
BRH:0
end_of_record
TN:
SF:Models\Room.js
FNF:0
FNH:0
DA:1,1
DA:3,1
DA:20,1
LF:3
LH:3
BRF:0
BRH:0
end_of_record
TN:
SF:Models\Staff.js
FNF:0
FNH:0
DA:1,1
DA:3,1
DA:34,1
DA:36,1
LF:4
LH:4
BRF:0
BRH:0
end_of_record
TN:
SF:Models\Users.js
FN:19,(anonymous_0)
FN:25,(anonymous_1)
FNF:2
FNH:2
FNDA:9,(anonymous_0)
FNDA:1,(anonymous_1)
DA:2,1
DA:3,1
DA:5,1
DA:19,1
DA:20,9
DA:21,9
DA:22,9
DA:25,1
DA:26,1
DA:27,1
DA:28,0
DA:29,0
DA:30,0
DA:32,0
DA:34,1
DA:37,1
DA:39,1
LF:17
LH:13
BRDA:27,0,0,0
BRDA:27,0,1,1
BRDA:29,1,0,0
BRDA:29,1,1,0
BRF:4
BRH:1
end_of_record
TN:
SF:bills\bills.js
FN:36,(anonymous_0)
FN:90,(anonymous_1)
FN:92,(anonymous_2)
FN:93,(anonymous_3)
FN:101,(anonymous_4)
FN:105,(anonymous_5)
FN:107,(anonymous_6)
FN:113,(anonymous_7)
FN:117,(anonymous_8)
FN:125,(anonymous_9)
FN:126,(anonymous_10)
FN:131,(anonymous_11)
FNF:12
FNH:7
FNDA:1,(anonymous_0)
FNDA:0,(anonymous_1)
FNDA:0,(anonymous_2)
FNDA:0,(anonymous_3)
FNDA:1,(anonymous_4)
FNDA:1,(anonymous_5)
FNDA:0,(anonymous_6)
FNDA:0,(anonymous_7)
FNDA:4,(anonymous_8)
FNDA:2,(anonymous_9)
FNDA:2,(anonymous_10)
FNDA:1,(anonymous_11)
DA:1,1
DA:2,1
DA:3,1
DA:4,1
DA:5,1
DA:6,1
DA:7,1
DA:8,1
DA:10,1
DA:11,1
DA:12,1
DA:14,1
DA:17,1
DA:29,1
DA:30,1
DA:34,1
DA:36,1
DA:38,1
DA:58,1
DA:90,1
DA:91,0
DA:92,0
DA:94,0
DA:95,0
DA:101,1
DA:102,1
DA:103,1
DA:104,1
DA:106,1
DA:107,1
DA:108,0
DA:110,1
DA:113,0
DA:117,1
DA:118,4
DA:125,2
DA:126,2
DA:131,1
DA:132,1
DA:135,1
LF:40
LH:34
BRF:0
BRH:0
end_of_record
TN:
SF:inventory\inventory.js
FN:17,(anonymous_0)
FN:25,(anonymous_1)
FN:27,(anonymous_2)
FN:28,(anonymous_3)
FN:33,(anonymous_4)
FN:36,(anonymous_5)
FN:37,(anonymous_6)
FN:41,(anonymous_7)
FN:43,(anonymous_8)
FN:46,(anonymous_9)
FN:47,(anonymous_10)
FN:49,(anonymous_11)
FN:54,(anonymous_12)
FN:56,(anonymous_13)
FN:57,(anonymous_14)
FN:60,(anonymous_15)
FNF:16
FNH:10
FNDA:0,(anonymous_0)
FNDA:1,(anonymous_1)
FNDA:1,(anonymous_2)
FNDA:0,(anonymous_3)
FNDA:1,(anonymous_4)
FNDA:1,(anonymous_5)
FNDA:0,(anonymous_6)
FNDA:1,(anonymous_7)
FNDA:1,(anonymous_8)
FNDA:1,(anonymous_9)
FNDA:0,(anonymous_10)
FNDA:0,(anonymous_11)
FNDA:1,(anonymous_12)
FNDA:1,(anonymous_13)
FNDA:0,(anonymous_14)
FNDA:1,(anonymous_15)
DA:1,1
DA:2,1
DA:3,1
DA:4,1
DA:5,1
DA:8,1
DA:9,1
DA:10,1
DA:12,1
DA:15,1
DA:17,0
DA:19,1
DA:25,1
DA:26,1
DA:27,1
DA:28,0
DA:33,1
DA:34,1
DA:36,1
DA:37,0
DA:41,1
DA:42,1
DA:44,1
DA:45,1
DA:46,1
DA:47,0
DA:49,0
DA:54,1
DA:55,1
DA:56,1
DA:57,0
DA:60,1
DA:61,1
DA:64,1
LF:34
LH:28
BRF:0
BRH:0
end_of_record
TN:
SF:mail\reservationMail.js
FN:5,reservationMail
FNF:1
FNH:0
FNDA:0,reservationMail
DA:1,1
DA:2,1
DA:3,1
DA:7,0
DA:17,0
DA:37,0
DA:39,0
DA:42,1
LF:8
LH:4
BRF:0
BRH:0
end_of_record
TN:
SF:mail\sendMail.js
FN:4,sendMail
FNF:1
FNH:1
FNDA:2,sendMail
DA:1,1
DA:2,1
DA:6,2
DA:16,2
DA:32,2
DA:34,2
DA:37,1
LF:7
LH:7
BRF:0
BRH:0
end_of_record
TN:
SF:member\member.js
FN:19,(anonymous_0)
FN:28,(anonymous_1)
FN:30,(anonymous_2)
FN:31,(anonymous_3)
FN:35,(anonymous_4)
FN:37,(anonymous_5)
FN:38,(anonymous_6)
FN:42,(anonymous_7)
FN:45,(anonymous_8)
FN:46,(anonymous_9)
FN:52,(anonymous_10)
FN:56,(anonymous_11)
FN:58,(anonymous_12)
FN:61,(anonymous_13)
FN:62,(anonymous_14)
FN:63,(anonymous_15)
FN:67,(anonymous_16)
FNF:17
FNH:12
FNDA:1,(anonymous_0)
FNDA:2,(anonymous_1)
FNDA:2,(anonymous_2)
FNDA:0,(anonymous_3)
FNDA:2,(anonymous_4)
FNDA:2,(anonymous_5)
FNDA:0,(anonymous_6)
FNDA:2,(anonymous_7)
FNDA:2,(anonymous_8)
FNDA:2,(anonymous_9)
FNDA:0,(anonymous_10)
FNDA:2,(anonymous_11)
FNDA:2,(anonymous_12)
FNDA:2,(anonymous_13)
FNDA:0,(anonymous_14)
FNDA:0,(anonymous_15)
FNDA:1,(anonymous_16)
DA:1,1
DA:2,1
DA:3,1
DA:4,1
DA:5,1
DA:6,1
DA:7,1
DA:9,1
DA:10,1
DA:11,1
DA:12,1
DA:14,1
DA:17,1
DA:19,1
DA:21,1
DA:23,1
DA:28,1
DA:29,2
DA:30,2
DA:31,0
DA:35,1
DA:36,2
DA:37,2
DA:38,0
DA:42,1
DA:43,2
DA:46,2
DA:47,2
DA:48,2
DA:50,2
DA:52,0
DA:56,1
DA:57,2
DA:59,2
DA:60,2
DA:61,2
DA:62,0
DA:63,0
DA:67,1
DA:68,1
DA:71,1
LF:41
LH:36
BRF:0
BRH:0
end_of_record
TN:
SF:middleware\authentication.js
FN:4,(anonymous_0)
FN:21,(anonymous_1)
FNF:2
FNH:2
FNDA:23,(anonymous_0)
FNDA:19,(anonymous_1)
DA:1,1
DA:2,1
DA:4,1
DA:5,23
DA:6,1
DA:8,22
DA:9,22
DA:10,0
DA:12,22
DA:13,22
DA:14,0
DA:16,22
DA:17,22
DA:18,22
DA:21,1
DA:22,19
DA:25,1
LF:17
LH:15
BRDA:5,0,0,1
BRDA:5,0,1,22
BRDA:9,1,0,0
BRDA:9,1,1,22
BRDA:13,2,0,0
BRDA:13,2,1,22
BRF:6
BRH:4
end_of_record
TN:
SF:middleware\authorization.js
FN:3,authRole
FN:8,(anonymous_1)
FNF:2
FNH:2
FNDA:16,authRole
FNDA:22,(anonymous_1)
DA:1,1
DA:5,16
DA:6,0
DA:8,16
DA:9,22
DA:11,22
DA:12,3
DA:14,19
DA:15,3
DA:16,3
DA:19,16
DA:25,1
LF:12
LH:11
BRDA:5,0,0,0
BRDA:5,0,1,16
BRDA:11,1,0,3
BRDA:11,1,1,19
BRDA:14,2,0,3
BRDA:14,2,1,16
BRF:6
BRH:5
end_of_record
TN:
SF:reservation\reservation.js
FN:32,(anonymous_0)
FN:34,(anonymous_1)
FN:35,(anonymous_2)
FN:39,(anonymous_3)
FN:41,(anonymous_4)
FN:42,(anonymous_5)
FN:47,(anonymous_6)
FN:52,(anonymous_7)
FN:53,(anonymous_8)
FN:74,(anonymous_9)
FN:80,(anonymous_10)
FN:92,(anonymous_11)
FN:95,(anonymous_12)
FN:97,(anonymous_13)
FN:102,(anonymous_14)
FN:106,(anonymous_15)
FN:113,(anonymous_16)
FN:117,(anonymous_17)
FN:121,(anonymous_18)
FN:125,(anonymous_19)
FN:127,(anonymous_20)
FN:139,(anonymous_21)
FN:141,(anonymous_22)
FN:143,(anonymous_23)
FN:144,(anonymous_24)
FN:149,(anonymous_25)
FN:152,(anonymous_26)
FN:157,(anonymous_27)
FN:169,(anonymous_28)
FN:174,(anonymous_29)
FN:181,(anonymous_30)
FN:191,(anonymous_31)
FN:203,(anonymous_32)
FN:207,(anonymous_33)
FN:211,(anonymous_34)
FN:213,(anonymous_35)
FN:214,(anonymous_36)
FN:218,(anonymous_37)
FNF:38
FNH:9
FNDA:0,(anonymous_0)
FNDA:0,(anonymous_1)
FNDA:0,(anonymous_2)
FNDA:1,(anonymous_3)
FNDA:1,(anonymous_4)
FNDA:0,(anonymous_5)
FNDA:0,(anonymous_6)
FNDA:0,(anonymous_7)
FNDA:0,(anonymous_8)
FNDA:0,(anonymous_9)
FNDA:1,(anonymous_10)
FNDA:1,(anonymous_11)
FNDA:0,(anonymous_12)
FNDA:0,(anonymous_13)
FNDA:1,(anonymous_14)
FNDA:0,(anonymous_15)
FNDA:0,(anonymous_16)
FNDA:0,(anonymous_17)
FNDA:0,(anonymous_18)
FNDA:0,(anonymous_19)
FNDA:0,(anonymous_20)
FNDA:0,(anonymous_21)
FNDA:0,(anonymous_22)
FNDA:0,(anonymous_23)
FNDA:0,(anonymous_24)
FNDA:1,(anonymous_25)
FNDA:1,(anonymous_26)
FNDA:0,(anonymous_27)
FNDA:0,(anonymous_28)
FNDA:0,(anonymous_29)
FNDA:1,(anonymous_30)
FNDA:0,(anonymous_31)
FNDA:0,(anonymous_32)
FNDA:0,(anonymous_33)
FNDA:0,(anonymous_34)
FNDA:0,(anonymous_35)
FNDA:0,(anonymous_36)
FNDA:1,(anonymous_37)
DA:1,1
DA:2,1
DA:3,1
DA:4,1
DA:5,1
DA:6,1
DA:7,1
DA:9,1
DA:10,1
DA:11,1
DA:14,1
DA:16,1
DA:17,1
DA:20,1
DA:21,1
DA:24,1
DA:25,1
DA:32,1
DA:33,0
DA:34,0
DA:35,0
DA:39,1
DA:40,1
DA:41,1
DA:42,0
DA:47,1
DA:48,0
DA:49,0
DA:50,0
DA:51,0
DA:53,0
DA:54,0
DA:55,0
DA:57,0
DA:59,0
DA:60,0
DA:61,0
DA:63,0
DA:64,0
DA:68,0
DA:69,0
DA:72,0
DA:74,0
DA:80,1
DA:81,1
DA:94,1
DA:96,0
DA:97,0
DA:98,0
DA:102,1
DA:104,1
DA:106,0
DA:109,1
DA:113,0
DA:117,1
DA:120,0
DA:122,0
DA:123,0
DA:124,0
DA:126,0
DA:128,0
DA:130,0
DA:131,0
DA:132,0
DA:133,0
DA:137,0
DA:139,0
DA:141,0
DA:143,0
DA:144,0
DA:149,1
DA:151,1
DA:156,1
DA:158,0
DA:160,0
DA:161,0
DA:162,0
DA:163,0
DA:167,0
DA:171,0
DA:176,0
DA:178,0
DA:182,1
DA:183,1
DA:191,1
DA:193,0
DA:203,1
DA:205,0
DA:207,0
DA:211,1
DA:212,0
DA:213,0
DA:214,0
DA:218,1
DA:219,1
DA:222,1
LF:96
LH:40
BRDA:59,0,0,0
BRDA:59,0,1,0
BRDA:59,1,0,0
BRDA:59,1,1,0
BRDA:59,1,2,0
BRDA:59,1,3,0
BRDA:63,2,0,0
BRDA:63,2,1,0
BRDA:63,3,0,0
BRDA:63,3,1,0
BRDA:68,4,0,0
BRDA:68,4,1,0
BRDA:131,5,0,0
BRDA:131,5,1,0
BRDA:161,6,0,0
BRDA:161,6,1,0
BRF:16
BRH:0
end_of_record
TN:
SF:staff\staff.js
FN:16,(anonymous_0)
FN:26,(anonymous_1)
FN:29,(anonymous_2)
FN:30,(anonymous_3)
FN:33,(anonymous_4)
FN:35,(anonymous_5)
FN:36,(anonymous_6)
FN:40,(anonymous_7)
FN:42,(anonymous_8)
FN:43,(anonymous_9)
FN:66,(anonymous_10)
FN:76,(anonymous_11)
FN:77,(anonymous_12)
FN:81,(anonymous_13)
FN:83,(anonymous_14)
FN:86,(anonymous_15)
FN:87,(anonymous_16)
FN:88,(anonymous_17)
FN:93,(anonymous_18)
FN:95,(anonymous_19)
FN:96,(anonymous_20)
FN:99,(anonymous_21)
FNF:22
FNH:10
FNDA:1,(anonymous_0)
FNDA:0,(anonymous_1)
FNDA:0,(anonymous_2)
FNDA:0,(anonymous_3)
FNDA:1,(anonymous_4)
FNDA:1,(anonymous_5)
FNDA:0,(anonymous_6)
FNDA:1,(anonymous_7)
FNDA:1,(anonymous_8)
FNDA:0,(anonymous_9)
FNDA:1,(anonymous_10)
FNDA:1,(anonymous_11)
FNDA:0,(anonymous_12)
FNDA:0,(anonymous_13)
FNDA:0,(anonymous_14)
FNDA:0,(anonymous_15)
FNDA:0,(anonymous_16)
FNDA:0,(anonymous_17)
FNDA:1,(anonymous_18)
FNDA:1,(anonymous_19)
FNDA:0,(anonymous_20)
FNDA:1,(anonymous_21)
DA:1,1
DA:2,1
DA:3,1
DA:4,1
DA:5,1
DA:7,1
DA:8,1
DA:9,1
DA:11,1
DA:14,1
DA:16,1
DA:18,1
DA:20,1
DA:26,1
DA:27,0
DA:28,0
DA:29,0
DA:30,0
DA:33,1
DA:34,1
DA:35,1
DA:36,0
DA:40,1
DA:41,1
DA:42,1
DA:43,0
DA:66,1
DA:67,1
DA:76,1
DA:77,0
DA:81,1
DA:82,0
DA:84,0
DA:85,0
DA:86,0
DA:87,0
DA:88,0
DA:93,1
DA:94,1
DA:95,1
DA:96,0
DA:99,1
DA:100,1
DA:103,1
LF:44
LH:30
BRF:0
BRH:0
end_of_record
TN:
SF:users\users.js
FN:20,(anonymous_0)
FN:26,(anonymous_1)
FN:40,(anonymous_2)
FN:56,(anonymous_3)
FN:59,(anonymous_4)
FN:60,(anonymous_5)
FN:65,(anonymous_6)
FNF:7
FNH:5
FNDA:1,(anonymous_0)
FNDA:0,(anonymous_1)
FNDA:1,(anonymous_2)
FNDA:1,(anonymous_3)
FNDA:1,(anonymous_4)
FNDA:0,(anonymous_5)
FNDA:1,(anonymous_6)
DA:1,1
DA:2,1
DA:3,1
DA:4,1
DA:5,1
DA:6,1
DA:7,1
DA:9,1
DA:10,1
DA:11,1
DA:12,1
DA:14,1
DA:18,1
DA:20,1
DA:22,1
DA:25,1
DA:26,1
DA:27,0
DA:28,0
DA:40,1
DA:41,1
DA:43,1
DA:44,1
DA:45,0
DA:47,0
DA:50,1
DA:51,1
DA:56,1
DA:57,1
DA:58,1
DA:59,1
DA:60,0
DA:65,1
DA:66,1
DA:69,1
LF:35
LH:30
BRF:0
BRH:0
end_of_record
